2025-05-27 16:31:33.392 | INFO     | log:debbuginfo:32 - ✅✅ MATCH ! L'empreinte correspond à l'ID 11 nommer Bourguignon2 Luc2 qui a le grade 2 (Score : 161)
2025-05-27 16:31:37.028 | INFO     | log:debbuginfo:32 - relay activer
2025-05-27 16:31:42.086 | INFO     | log:debbuginfo:32 - id qui essaye d'ouvrire la port : 11
2025-05-27 16:31:42.091 | INFO     | log:debbuginfo:32 - enregistrement de l'ouverture effectuer
2025-05-27 16:37:12.292 | WARNING  | log:debbugwarning:34 - porte ouvert et speaker on
2025-05-27 16:37:12.492 | WARNING  | log:debbugwarning:34 - porte ouvert et speaker on
2025-05-27 16:37:12.693 | WARNING  | log:debbugwarning:34 - porte ouvert et speaker on
2025-05-27 16:37:12.893 | WARNING  | log:debbugwarning:34 - porte ouvert et speaker on
2025-05-27 16:37:13.093 | WARNING  | log:debbugwarning:34 - porte ouvert et speaker on
2025-05-27 16:37:13.293 | WARNING  | log:debbugwarning:34 - porte ouvert et speaker on
2025-05-27 16:37:13.493 | WARNING  | log:debbugwarning:34 - porte ouvert et speaker on
2025-05-27 16:37:13.693 | WARNING  | log:debbugwarning:34 - porte ouvert et speaker on
2025-05-27 16:37:13.893 | WARNING  | log:debbugwarning:34 - porte ouvert et speaker on
2025-05-27 16:37:14.094 | WARNING  | log:debbugwarning:34 - porte ouvert et speaker on
2025-05-27 16:37:14.294 | WARNING  | log:debbugwarning:34 - porte ouvert et speaker on
2025-05-27 16:37:14.494 | WARNING  | log:debbugwarning:34 - porte ouvert et speaker on
2025-05-27 16:37:14.694 | WARNING  | log:debbugwarning:34 - porte ouvert et speaker on
2025-05-27 16:37:14.894 | WARNING  | log:debbugwarning:34 - porte ouvert et speaker on
2025-05-27 16:37:15.094 | WARNING  | log:debbugwarning:34 - porte ouvert et speaker on
2025-05-27 16:37:15.294 | WARNING  | log:debbugwarning:34 - porte ouvert et speaker on
2025-05-27 16:37:15.495 | WARNING  | log:debbugwarning:34 - porte ouvert et speaker on
2025-05-27 16:37:15.695 | WARNING  | log:debbugwarning:34 - porte ouvert et speaker on
2025-05-27 16:37:15.895 | WARNING  | log:debbugwarning:34 - porte ouvert et speaker on
2025-05-27 16:37:16.095 | WARNING  | log:debbugwarning:34 - porte ouvert et speaker on
2025-05-27 16:37:16.295 | WARNING  | log:debbugwarning:34 - porte ouvert et speaker on
2025-05-27 16:37:16.495 | WARNING  | log:debbugwarning:34 - porte ouvert et speaker on
2025-05-27 16:37:16.696 | WARNING  | log:debbugwarning:34 - porte ouvert et speaker on
2025-05-27 16:37:16.896 | WARNING  | log:debbugwarning:34 - porte ouvert et speaker on
2025-05-27 16:37:17.096 | WARNING  | log:debbugwarning:34 - porte ouvert et speaker on
2025-05-27 16:37:17.296 | WARNING  | log:debbugwarning:34 - porte ouvert et speaker on
2025-05-27 16:37:17.496 | WARNING  | log:debbugwarning:34 - porte ouvert et speaker on
2025-05-27 16:37:17.697 | WARNING  | log:debbugwarning:34 - porte ouvert et speaker on
2025-05-27 16:37:17.897 | WARNING  | log:debbugwarning:34 - porte ouvert et speaker on
2025-05-27 16:37:18.097 | WARNING  | log:debbugwarning:34 - porte ouvert et speaker on
2025-05-27 16:37:18.297 | WARNING  | log:debbugwarning:34 - porte ouvert et speaker on
2025-05-27 16:37:18.497 | WARNING  | log:debbugwarning:34 - porte ouvert et speaker on
2025-05-27 16:37:18.698 | WARNING  | log:debbugwarning:34 - porte ouvert et speaker on
2025-05-27 16:37:18.898 | WARNING  | log:debbugwarning:34 - porte ouvert et speaker on
2025-05-27 16:37:19.098 | WARNING  | log:debbugwarning:34 - porte ouvert et speaker on
2025-05-27 16:37:19.298 | WARNING  | log:debbugwarning:34 - porte ouvert et speaker on
2025-05-27 16:37:19.498 | WARNING  | log:debbugwarning:34 - porte ouvert et speaker on
2025-05-27 16:37:19.699 | WARNING  | log:debbugwarning:34 - porte ouvert et speaker on
2025-05-27 16:37:19.899 | WARNING  | log:debbugwarning:34 - porte ouvert et speaker on
2025-05-27 16:37:20.099 | WARNING  | log:debbugwarning:34 - porte ouvert et speaker on
2025-05-27 16:37:20.299 | WARNING  | log:debbugwarning:34 - porte ouvert et speaker on
2025-05-27 16:37:20.499 | WARNING  | log:debbugwarning:34 - porte ouvert et speaker on
2025-05-27 16:37:20.700 | WARNING  | log:debbugwarning:34 - porte ouvert et speaker on
2025-05-27 16:37:20.900 | WARNING  | log:debbugwarning:34 - porte ouvert et speaker on
2025-05-27 16:37:21.100 | WARNING  | log:debbugwarning:34 - porte ouvert et speaker on
2025-05-27 16:37:21.300 | WARNING  | log:debbugwarning:34 - porte ouvert et speaker on
2025-05-27 16:37:21.500 | WARNING  | log:debbugwarning:34 - porte ouvert et speaker on
2025-05-27 16:37:21.701 | WARNING  | log:debbugwarning:34 - porte ouvert et speaker on
2025-05-27 16:37:21.901 | WARNING  | log:debbugwarning:34 - porte ouvert et speaker on
2025-05-27 16:37:22.101 | WARNING  | log:debbugwarning:34 - porte ouvert et speaker on
2025-05-27 16:37:22.301 | WARNING  | log:debbugwarning:34 - porte ouvert et speaker on
2025-05-27 16:37:22.501 | WARNING  | log:debbugwarning:34 - porte ouvert et speaker on
2025-05-27 16:37:22.702 | WARNING  | log:debbugwarning:34 - porte ouvert et speaker on
2025-05-27 16:37:22.902 | WARNING  | log:debbugwarning:34 - porte ouvert et speaker on
2025-05-27 16:37:23.102 | WARNING  | log:debbugwarning:34 - porte ouvert et speaker on
2025-05-27 16:37:23.302 | WARNING  | log:debbugwarning:34 - porte ouvert et speaker on
2025-05-27 16:37:23.502 | WARNING  | log:debbugwarning:34 - porte ouvert et speaker on
2025-05-27 16:37:23.703 | WARNING  | log:debbugwarning:34 - porte ouvert et speaker on
2025-05-27 16:37:23.903 | WARNING  | log:debbugwarning:34 - porte ouvert et speaker on
2025-05-27 16:37:24.103 | WARNING  | log:debbugwarning:34 - porte ouvert et speaker on
2025-05-27 16:37:24.303 | WARNING  | log:debbugwarning:34 - porte ouvert et speaker on
2025-05-27 16:37:24.503 | WARNING  | log:debbugwarning:34 - porte ouvert et speaker on
2025-05-27 16:37:24.704 | WARNING  | log:debbugwarning:34 - porte ouvert et speaker on
2025-05-27 16:37:24.904 | WARNING  | log:debbugwarning:34 - porte ouvert et speaker on
2025-05-27 16:37:25.104 | WARNING  | log:debbugwarning:34 - porte ouvert et speaker on
2025-05-27 16:37:25.304 | WARNING  | log:debbugwarning:34 - porte ouvert et speaker on
2025-05-27 16:37:25.504 | WARNING  | log:debbugwarning:34 - porte ouvert et speaker on
2025-05-27 16:37:25.705 | WARNING  | log:debbugwarning:34 - porte ouvert et speaker on
2025-05-27 16:37:25.905 | WARNING  | log:debbugwarning:34 - porte ouvert et speaker on
2025-05-27 16:37:26.105 | WARNING  | log:debbugwarning:34 - porte ouvert et speaker on
2025-05-27 16:37:26.306 | WARNING  | log:debbugwarning:34 - porte ouvert et speaker on
2025-05-27 16:37:26.506 | WARNING  | log:debbugwarning:34 - porte ouvert et speaker on
2025-05-27 16:37:26.706 | WARNING  | log:debbugwarning:34 - porte ouvert et speaker on
2025-05-27 16:37:26.906 | WARNING  | log:debbugwarning:34 - porte ouvert et speaker on
2025-05-27 16:37:27.106 | WARNING  | log:debbugwarning:34 - porte ouvert et speaker on
2025-05-27 16:37:27.306 | WARNING  | log:debbugwarning:34 - porte ouvert et speaker on
2025-05-27 16:37:27.507 | WARNING  | log:debbugwarning:34 - porte ouvert et speaker on
2025-05-27 16:37:27.707 | WARNING  | log:debbugwarning:34 - porte ouvert et speaker on
2025-05-27 16:37:27.907 | WARNING  | log:debbugwarning:34 - porte ouvert et speaker on
2025-05-27 16:37:28.107 | WARNING  | log:debbugwarning:34 - porte ouvert et speaker on
2025-05-27 16:37:28.307 | WARNING  | log:debbugwarning:34 - porte ouvert et speaker on
2025-05-27 16:37:28.508 | WARNING  | log:debbugwarning:34 - porte ouvert et speaker on
2025-05-27 16:37:28.708 | WARNING  | log:debbugwarning:34 - porte ouvert et speaker on
2025-05-27 16:37:28.908 | WARNING  | log:debbugwarning:34 - porte ouvert et speaker on
2025-05-27 16:37:29.108 | WARNING  | log:debbugwarning:34 - porte ouvert et speaker on
2025-05-27 16:37:29.308 | WARNING  | log:debbugwarning:34 - porte ouvert et speaker on
2025-05-27 16:37:29.509 | WARNING  | log:debbugwarning:34 - porte ouvert et speaker on
2025-05-27 16:37:29.709 | WARNING  | log:debbugwarning:34 - porte ouvert et speaker on
2025-05-27 16:37:29.909 | WARNING  | log:debbugwarning:34 - porte ouvert et speaker on
2025-05-27 16:37:30.109 | WARNING  | log:debbugwarning:34 - porte ouvert et speaker on
2025-05-27 16:37:30.309 | WARNING  | log:debbugwarning:34 - porte ouvert et speaker on
2025-05-27 16:37:30.510 | WARNING  | log:debbugwarning:34 - porte ouvert et speaker on
2025-05-27 16:37:30.710 | WARNING  | log:debbugwarning:34 - porte ouvert et speaker on
2025-05-27 16:37:30.910 | WARNING  | log:debbugwarning:34 - porte ouvert et speaker on
2025-05-27 16:37:31.110 | WARNING  | log:debbugwarning:34 - porte ouvert et speaker on
2025-05-27 16:37:31.310 | WARNING  | log:debbugwarning:34 - porte ouvert et speaker on
2025-05-27 16:37:31.511 | WARNING  | log:debbugwarning:34 - porte ouvert et speaker on
2025-05-27 16:37:31.711 | WARNING  | log:debbugwarning:34 - porte ouvert et speaker on
2025-05-27 16:37:31.911 | WARNING  | log:debbugwarning:34 - porte ouvert et speaker on
2025-05-27 16:37:32.111 | WARNING  | log:debbugwarning:34 - porte ouvert et speaker on
2025-05-27 16:37:32.311 | WARNING  | log:debbugwarning:34 - porte ouvert et speaker on
2025-05-27 16:37:32.512 | WARNING  | log:debbugwarning:34 - porte ouvert et speaker on
2025-05-27 16:37:32.712 | WARNING  | log:debbugwarning:34 - porte ouvert et speaker on
2025-05-27 16:37:32.912 | WARNING  | log:debbugwarning:34 - porte ouvert et speaker on
2025-05-27 16:37:33.112 | WARNING  | log:debbugwarning:34 - porte ouvert et speaker on
2025-05-27 16:37:33.312 | WARNING  | log:debbugwarning:34 - porte ouvert et speaker on
2025-05-27 16:37:33.513 | WARNING  | log:debbugwarning:34 - porte ouvert et speaker on
2025-05-27 16:37:33.713 | WARNING  | log:debbugwarning:34 - porte ouvert et speaker on
2025-05-27 16:37:33.913 | WARNING  | log:debbugwarning:34 - porte ouvert et speaker on
2025-05-27 16:37:34.113 | WARNING  | log:debbugwarning:34 - porte ouvert et speaker on
2025-05-27 16:37:34.313 | WARNING  | log:debbugwarning:34 - porte ouvert et speaker on
2025-05-27 16:37:34.514 | WARNING  | log:debbugwarning:34 - porte ouvert et speaker on
2025-05-27 16:37:34.714 | WARNING  | log:debbugwarning:34 - porte ouvert et speaker on
2025-05-27 16:37:34.914 | WARNING  | log:debbugwarning:34 - porte ouvert et speaker on
2025-05-27 16:37:35.114 | WARNING  | log:debbugwarning:34 - porte ouvert et speaker on
2025-05-27 16:37:35.314 | WARNING  | log:debbugwarning:34 - porte ouvert et speaker on
2025-05-27 16:37:35.515 | WARNING  | log:debbugwarning:34 - porte ouvert et speaker on
2025-05-27 16:37:35.715 | WARNING  | log:debbugwarning:34 - porte ouvert et speaker on
2025-05-27 16:37:35.915 | WARNING  | log:debbugwarning:34 - porte ouvert et speaker on
2025-05-27 16:37:36.115 | WARNING  | log:debbugwarning:34 - porte ouvert et speaker on
2025-05-27 16:37:36.315 | WARNING  | log:debbugwarning:34 - porte ouvert et speaker on
2025-05-27 16:37:36.516 | WARNING  | log:debbugwarning:34 - porte ouvert et speaker on
2025-05-27 16:37:36.716 | WARNING  | log:debbugwarning:34 - porte ouvert et speaker on
2025-05-27 16:37:36.916 | WARNING  | log:debbugwarning:34 - porte ouvert et speaker on
2025-05-27 16:37:37.116 | WARNING  | log:debbugwarning:34 - porte ouvert et speaker on
2025-05-27 16:37:37.316 | WARNING  | log:debbugwarning:34 - porte ouvert et speaker on
2025-05-27 16:37:37.517 | WARNING  | log:debbugwarning:34 - porte ouvert et speaker on
2025-05-27 16:37:37.717 | WARNING  | log:debbugwarning:34 - porte ouvert et speaker on
2025-05-27 16:37:37.917 | WARNING  | log:debbugwarning:34 - porte ouvert et speaker on
2025-05-27 16:37:38.117 | WARNING  | log:debbugwarning:34 - porte ouvert et speaker on
2025-05-27 16:37:38.317 | WARNING  | log:debbugwarning:34 - porte ouvert et speaker on
2025-05-27 16:37:38.518 | WARNING  | log:debbugwarning:34 - porte ouvert et speaker on
2025-05-27 16:37:38.718 | WARNING  | log:debbugwarning:34 - porte ouvert et speaker on
2025-05-27 16:37:38.918 | WARNING  | log:debbugwarning:34 - porte ouvert et speaker on
2025-05-27 16:37:39.118 | WARNING  | log:debbugwarning:34 - porte ouvert et speaker on
2025-05-27 16:37:39.318 | WARNING  | log:debbugwarning:34 - porte ouvert et speaker on
2025-05-27 16:37:39.519 | WARNING  | log:debbugwarning:34 - porte ouvert et speaker on
2025-05-27 16:37:39.719 | WARNING  | log:debbugwarning:34 - porte ouvert et speaker on
2025-05-27 16:37:39.919 | WARNING  | log:debbugwarning:34 - porte ouvert et speaker on
2025-05-27 16:37:40.119 | WARNING  | log:debbugwarning:34 - porte ouvert et speaker on
2025-05-27 16:37:40.319 | WARNING  | log:debbugwarning:34 - porte ouvert et speaker on
2025-05-27 16:37:40.520 | WARNING  | log:debbugwarning:34 - porte ouvert et speaker on
2025-05-27 16:37:40.720 | WARNING  | log:debbugwarning:34 - porte ouvert et speaker on
2025-05-27 16:37:40.920 | WARNING  | log:debbugwarning:34 - porte ouvert et speaker on
2025-05-27 16:37:41.120 | WARNING  | log:debbugwarning:34 - porte ouvert et speaker on
2025-05-27 16:37:41.320 | WARNING  | log:debbugwarning:34 - porte ouvert et speaker on
2025-05-27 16:37:41.521 | WARNING  | log:debbugwarning:34 - porte ouvert et speaker on
2025-05-27 16:37:41.721 | WARNING  | log:debbugwarning:34 - porte ouvert et speaker on
2025-05-27 16:37:41.921 | WARNING  | log:debbugwarning:34 - porte ouvert et speaker on
2025-05-27 16:37:42.121 | WARNING  | log:debbugwarning:34 - porte ouvert et speaker on
2025-05-27 16:37:42.321 | WARNING  | log:debbugwarning:34 - porte ouvert et speaker on
2025-05-27 16:37:42.522 | WARNING  | log:debbugwarning:34 - porte ouvert et speaker on
2025-05-27 16:37:42.722 | WARNING  | log:debbugwarning:34 - porte ouvert et speaker on
2025-05-27 16:37:42.922 | WARNING  | log:debbugwarning:34 - porte ouvert et speaker on
2025-05-27 16:37:43.122 | WARNING  | log:debbugwarning:34 - porte ouvert et speaker on
2025-05-27 16:37:43.322 | WARNING  | log:debbugwarning:34 - porte ouvert et speaker on
2025-05-27 16:37:43.522 | WARNING  | log:debbugwarning:34 - porte ouvert et speaker on
2025-05-27 16:37:43.723 | WARNING  | log:debbugwarning:34 - porte ouvert et speaker on
2025-05-27 16:37:43.923 | WARNING  | log:debbugwarning:34 - porte ouvert et speaker on
2025-05-27 16:37:44.123 | WARNING  | log:debbugwarning:34 - porte ouvert et speaker on
2025-05-27 16:37:44.323 | WARNING  | log:debbugwarning:34 - porte ouvert et speaker on
2025-05-27 16:37:44.523 | WARNING  | log:debbugwarning:34 - porte ouvert et speaker on
2025-05-27 16:37:44.724 | WARNING  | log:debbugwarning:34 - porte ouvert et speaker on
2025-05-27 16:37:44.924 | WARNING  | log:debbugwarning:34 - porte ouvert et speaker on
2025-05-27 16:37:45.124 | WARNING  | log:debbugwarning:34 - porte ouvert et speaker on
2025-05-27 16:37:45.324 | WARNING  | log:debbugwarning:34 - porte ouvert et speaker on
2025-05-27 16:37:45.524 | WARNING  | log:debbugwarning:34 - porte ouvert et speaker on
2025-05-27 16:37:45.725 | WARNING  | log:debbugwarning:34 - porte ouvert et speaker on
2025-05-27 16:37:45.925 | WARNING  | log:debbugwarning:34 - porte ouvert et speaker on
2025-05-27 16:37:46.125 | WARNING  | log:debbugwarning:34 - porte ouvert et speaker on
2025-05-27 16:37:46.325 | WARNING  | log:debbugwarning:34 - porte ouvert et speaker on
2025-05-27 16:37:46.525 | WARNING  | log:debbugwarning:34 - porte ouvert et speaker on
2025-05-27 16:37:46.726 | WARNING  | log:debbugwarning:34 - porte ouvert et speaker on
2025-05-27 16:37:46.926 | WARNING  | log:debbugwarning:34 - porte ouvert et speaker on
2025-05-27 16:37:47.126 | WARNING  | log:debbugwarning:34 - porte ouvert et speaker on
2025-05-27 16:37:47.326 | WARNING  | log:debbugwarning:34 - porte ouvert et speaker on
2025-05-27 16:37:47.526 | WARNING  | log:debbugwarning:34 - porte ouvert et speaker on
2025-05-27 16:37:47.727 | WARNING  | log:debbugwarning:34 - porte ouvert et speaker on
2025-05-27 16:37:47.927 | WARNING  | log:debbugwarning:34 - porte ouvert et speaker on
2025-05-27 16:37:48.127 | WARNING  | log:debbugwarning:34 - porte ouvert et speaker on
2025-05-27 16:37:48.327 | WARNING  | log:debbugwarning:34 - porte ouvert et speaker on
2025-05-27 16:37:48.527 | WARNING  | log:debbugwarning:34 - porte ouvert et speaker on
2025-05-27 16:37:48.728 | WARNING  | log:debbugwarning:34 - porte ouvert et speaker on
2025-05-27 16:37:48.928 | WARNING  | log:debbugwarning:34 - porte ouvert et speaker on
2025-05-27 16:37:49.128 | WARNING  | log:debbugwarning:34 - porte ouvert et speaker on
2025-05-27 16:37:49.328 | WARNING  | log:debbugwarning:34 - porte ouvert et speaker on
2025-05-27 16:37:49.528 | WARNING  | log:debbugwarning:34 - porte ouvert et speaker on
2025-05-27 16:37:49.729 | WARNING  | log:debbugwarning:34 - porte ouvert et speaker on
2025-05-27 16:37:49.929 | WARNING  | log:debbugwarning:34 - porte ouvert et speaker on
2025-05-27 16:37:50.129 | WARNING  | log:debbugwarning:34 - porte ouvert et speaker on
2025-05-27 16:37:50.329 | WARNING  | log:debbugwarning:34 - porte ouvert et speaker on
2025-05-27 16:37:50.529 | WARNING  | log:debbugwarning:34 - porte ouvert et speaker on
2025-05-27 16:37:50.730 | WARNING  | log:debbugwarning:34 - porte ouvert et speaker on
2025-05-27 16:37:50.930 | WARNING  | log:debbugwarning:34 - porte ouvert et speaker on
2025-05-27 16:37:51.130 | WARNING  | log:debbugwarning:34 - porte ouvert et speaker on
2025-05-27 16:37:51.330 | WARNING  | log:debbugwarning:34 - porte ouvert et speaker on
2025-05-27 16:37:51.530 | WARNING  | log:debbugwarning:34 - porte ouvert et speaker on
2025-05-27 16:37:51.731 | WARNING  | log:debbugwarning:34 - porte ouvert et speaker on
2025-05-27 16:37:51.931 | WARNING  | log:debbugwarning:34 - porte ouvert et speaker on
2025-05-27 16:37:52.131 | WARNING  | log:debbugwarning:34 - porte ouvert et speaker on
2025-05-27 16:37:52.331 | WARNING  | log:debbugwarning:34 - porte ouvert et speaker on
2025-05-27 16:37:52.531 | WARNING  | log:debbugwarning:34 - porte ouvert et speaker on
2025-05-27 16:37:52.732 | WARNING  | log:debbugwarning:34 - porte ouvert et speaker on
2025-05-27 16:37:52.932 | WARNING  | log:debbugwarning:34 - porte ouvert et speaker on
2025-05-27 16:37:53.132 | WARNING  | log:debbugwarning:34 - porte ouvert et speaker on
2025-05-27 16:37:53.332 | WARNING  | log:debbugwarning:34 - porte ouvert et speaker on
2025-05-27 16:37:53.532 | WARNING  | log:debbugwarning:34 - porte ouvert et speaker on
2025-05-27 16:37:53.733 | WARNING  | log:debbugwarning:34 - porte ouvert et speaker on
2025-05-27 16:37:53.933 | WARNING  | log:debbugwarning:34 - porte ouvert et speaker on
2025-05-27 16:37:54.133 | WARNING  | log:debbugwarning:34 - porte ouvert et speaker on
2025-05-27 16:37:54.333 | WARNING  | log:debbugwarning:34 - porte ouvert et speaker on
2025-05-27 16:37:54.533 | WARNING  | log:debbugwarning:34 - porte ouvert et speaker on
2025-05-27 16:37:54.734 | WARNING  | log:debbugwarning:34 - porte ouvert et speaker on
2025-05-27 16:37:54.934 | WARNING  | log:debbugwarning:34 - porte ouvert et speaker on
2025-05-27 16:37:55.134 | WARNING  | log:debbugwarning:34 - porte ouvert et speaker on
2025-05-27 16:37:55.334 | WARNING  | log:debbugwarning:34 - porte ouvert et speaker on
2025-05-27 16:37:55.534 | WARNING  | log:debbugwarning:34 - porte ouvert et speaker on
2025-05-27 16:37:55.735 | WARNING  | log:debbugwarning:34 - porte ouvert et speaker on
2025-05-27 16:37:55.935 | WARNING  | log:debbugwarning:34 - porte ouvert et speaker on
2025-05-27 16:37:56.135 | WARNING  | log:debbugwarning:34 - porte ouvert et speaker on
2025-05-27 16:37:56.335 | WARNING  | log:debbugwarning:34 - porte ouvert et speaker on
2025-05-27 16:37:56.535 | WARNING  | log:debbugwarning:34 - porte ouvert et speaker on
2025-05-27 16:37:56.735 | WARNING  | log:debbugwarning:34 - porte ouvert et speaker on
2025-05-27 16:37:56.936 | WARNING  | log:debbugwarning:34 - porte ouvert et speaker on
2025-05-27 16:37:57.136 | WARNING  | log:debbugwarning:34 - porte ouvert et speaker on
2025-05-27 16:37:57.336 | WARNING  | log:debbugwarning:34 - porte ouvert et speaker on
2025-05-27 16:37:57.536 | WARNING  | log:debbugwarning:34 - porte ouvert et speaker on
2025-05-27 16:37:57.736 | WARNING  | log:debbugwarning:34 - porte ouvert et speaker on
2025-05-27 16:37:57.937 | WARNING  | log:debbugwarning:34 - porte ouvert et speaker on
2025-05-27 16:37:58.137 | WARNING  | log:debbugwarning:34 - porte ouvert et speaker on
2025-05-27 16:37:58.337 | WARNING  | log:debbugwarning:34 - porte ouvert et speaker on
2025-05-27 16:37:58.537 | WARNING  | log:debbugwarning:34 - porte ouvert et speaker on
2025-05-27 16:37:58.737 | WARNING  | log:debbugwarning:34 - porte ouvert et speaker on
2025-05-27 16:37:58.938 | WARNING  | log:debbugwarning:34 - porte ouvert et speaker on
2025-05-27 16:37:59.138 | WARNING  | log:debbugwarning:34 - porte ouvert et speaker on
2025-05-27 16:37:59.338 | WARNING  | log:debbugwarning:34 - porte ouvert et speaker on
2025-05-27 16:37:59.538 | WARNING  | log:debbugwarning:34 - porte ouvert et speaker on
2025-05-27 16:37:59.738 | WARNING  | log:debbugwarning:34 - porte ouvert et speaker on
2025-05-27 16:37:59.939 | WARNING  | log:debbugwarning:34 - porte ouvert et speaker on
2025-05-27 16:38:00.139 | WARNING  | log:debbugwarning:34 - porte ouvert et speaker on
2025-05-27 16:38:00.339 | WARNING  | log:debbugwarning:34 - porte ouvert et speaker on
2025-05-27 16:38:00.539 | WARNING  | log:debbugwarning:34 - porte ouvert et speaker on
2025-05-27 16:38:00.739 | WARNING  | log:debbugwarning:34 - porte ouvert et speaker on
2025-05-27 16:38:00.940 | WARNING  | log:debbugwarning:34 - porte ouvert et speaker on
2025-05-27 16:38:01.140 | WARNING  | log:debbugwarning:34 - porte ouvert et speaker on
2025-05-27 16:38:01.340 | WARNING  | log:debbugwarning:34 - porte ouvert et speaker on
2025-05-27 16:38:01.540 | WARNING  | log:debbugwarning:34 - porte ouvert et speaker on
2025-05-27 16:38:01.740 | WARNING  | log:debbugwarning:34 - porte ouvert et speaker on
2025-05-27 16:38:01.941 | WARNING  | log:debbugwarning:34 - porte ouvert et speaker on
2025-05-27 16:38:02.141 | WARNING  | log:debbugwarning:34 - porte ouvert et speaker on
2025-05-27 16:38:02.341 | WARNING  | log:debbugwarning:34 - porte ouvert et speaker on
2025-05-27 16:38:02.541 | WARNING  | log:debbugwarning:34 - porte ouvert et speaker on
2025-05-27 16:38:02.741 | WARNING  | log:debbugwarning:34 - porte ouvert et speaker on
2025-05-27 16:38:02.942 | WARNING  | log:debbugwarning:34 - porte ouvert et speaker on
2025-05-27 16:38:03.142 | WARNING  | log:debbugwarning:34 - porte ouvert et speaker on
2025-05-27 16:38:03.342 | WARNING  | log:debbugwarning:34 - porte ouvert et speaker on
2025-05-27 16:38:03.542 | WARNING  | log:debbugwarning:34 - porte ouvert et speaker on
2025-05-27 16:38:03.742 | WARNING  | log:debbugwarning:34 - porte ouvert et speaker on
2025-05-27 16:38:03.943 | WARNING  | log:debbugwarning:34 - porte ouvert et speaker on
2025-05-27 16:38:04.143 | WARNING  | log:debbugwarning:34 - porte ouvert et speaker on
2025-05-27 16:38:04.343 | WARNING  | log:debbugwarning:34 - porte ouvert et speaker on
2025-05-27 16:38:04.543 | WARNING  | log:debbugwarning:34 - porte ouvert et speaker on
2025-05-27 16:38:04.743 | WARNING  | log:debbugwarning:34 - porte ouvert et speaker on
2025-05-27 16:38:04.944 | WARNING  | log:debbugwarning:34 - porte ouvert et speaker on
2025-05-27 16:38:05.144 | WARNING  | log:debbugwarning:34 - porte ouvert et speaker on
2025-05-27 16:38:05.344 | WARNING  | log:debbugwarning:34 - porte ouvert et speaker on
2025-05-27 16:38:05.544 | WARNING  | log:debbugwarning:34 - porte ouvert et speaker on
2025-05-27 16:38:05.744 | WARNING  | log:debbugwarning:34 - porte ouvert et speaker on
2025-05-27 16:38:05.945 | WARNING  | log:debbugwarning:34 - porte ouvert et speaker on
2025-05-27 16:38:06.145 | WARNING  | log:debbugwarning:34 - porte ouvert et speaker on
2025-05-27 16:38:06.345 | WARNING  | log:debbugwarning:34 - porte ouvert et speaker on
2025-05-27 16:38:06.545 | WARNING  | log:debbugwarning:34 - porte ouvert et speaker on
2025-05-27 16:38:06.745 | WARNING  | log:debbugwarning:34 - porte ouvert et speaker on
2025-05-27 16:38:06.946 | WARNING  | log:debbugwarning:34 - porte ouvert et speaker on
2025-05-27 16:38:07.146 | WARNING  | log:debbugwarning:34 - porte ouvert et speaker on
2025-05-27 16:38:07.346 | WARNING  | log:debbugwarning:34 - porte ouvert et speaker on
2025-05-27 16:38:07.546 | WARNING  | log:debbugwarning:34 - porte ouvert et speaker on
2025-05-27 16:38:07.746 | WARNING  | log:debbugwarning:34 - porte ouvert et speaker on
2025-05-27 16:38:07.947 | WARNING  | log:debbugwarning:34 - porte ouvert et speaker on
2025-05-27 16:38:08.147 | WARNING  | log:debbugwarning:34 - porte ouvert et speaker on
2025-05-27 16:38:08.347 | WARNING  | log:debbugwarning:34 - porte ouvert et speaker on
2025-05-27 16:38:08.547 | WARNING  | log:debbugwarning:34 - porte ouvert et speaker on
2025-05-27 16:38:08.747 | WARNING  | log:debbugwarning:34 - porte ouvert et speaker on
2025-05-27 16:38:08.948 | WARNING  | log:debbugwarning:34 - porte ouvert et speaker on
2025-05-27 16:38:09.148 | WARNING  | log:debbugwarning:34 - porte ouvert et speaker on
2025-05-27 16:38:09.348 | WARNING  | log:debbugwarning:34 - porte ouvert et speaker on
2025-05-27 16:38:09.548 | WARNING  | log:debbugwarning:34 - porte ouvert et speaker on
2025-05-27 16:38:09.748 | WARNING  | log:debbugwarning:34 - porte ouvert et speaker on
2025-05-27 16:38:09.949 | WARNING  | log:debbugwarning:34 - porte ouvert et speaker on
2025-05-27 16:38:10.149 | WARNING  | log:debbugwarning:34 - porte ouvert et speaker on
2025-05-27 16:38:10.349 | WARNING  | log:debbugwarning:34 - porte ouvert et speaker on
2025-05-27 16:38:10.549 | WARNING  | log:debbugwarning:34 - porte ouvert et speaker on
2025-05-27 16:38:10.749 | WARNING  | log:debbugwarning:34 - porte ouvert et speaker on
2025-05-27 16:38:10.950 | WARNING  | log:debbugwarning:34 - porte ouvert et speaker on
2025-05-27 16:38:11.150 | WARNING  | log:debbugwarning:34 - porte ouvert et speaker on
2025-05-27 16:38:11.350 | WARNING  | log:debbugwarning:34 - porte ouvert et speaker on
2025-05-27 16:38:11.550 | WARNING  | log:debbugwarning:34 - porte ouvert et speaker on
2025-05-27 16:38:11.750 | WARNING  | log:debbugwarning:34 - porte ouvert et speaker on
2025-05-27 16:38:11.951 | WARNING  | log:debbugwarning:34 - porte ouvert et speaker on
2025-05-27 16:38:12.151 | WARNING  | log:debbugwarning:34 - porte ouvert et speaker on
2025-05-27 16:38:12.351 | WARNING  | log:debbugwarning:34 - porte ouvert et speaker on
2025-05-27 16:38:12.551 | WARNING  | log:debbugwarning:34 - porte ouvert et speaker on
2025-05-27 16:38:12.751 | WARNING  | log:debbugwarning:34 - porte ouvert et speaker on
2025-05-27 16:38:12.951 | WARNING  | log:debbugwarning:34 - porte ouvert et speaker on
2025-05-27 16:38:13.152 | WARNING  | log:debbugwarning:34 - porte ouvert et speaker on
2025-05-27 16:38:13.352 | WARNING  | log:debbugwarning:34 - porte ouvert et speaker on
2025-05-27 16:38:13.552 | WARNING  | log:debbugwarning:34 - porte ouvert et speaker on
2025-05-27 16:38:13.752 | WARNING  | log:debbugwarning:34 - porte ouvert et speaker on
2025-05-27 16:38:13.952 | WARNING  | log:debbugwarning:34 - porte ouvert et speaker on
2025-05-27 16:38:14.153 | WARNING  | log:debbugwarning:34 - porte ouvert et speaker on
2025-05-27 16:38:14.353 | WARNING  | log:debbugwarning:34 - porte ouvert et speaker on
2025-05-27 16:38:14.553 | WARNING  | log:debbugwarning:34 - porte ouvert et speaker on
2025-05-27 16:38:14.753 | WARNING  | log:debbugwarning:34 - porte ouvert et speaker on
2025-05-27 16:38:14.953 | WARNING  | log:debbugwarning:34 - porte ouvert et speaker on
2025-05-27 16:38:15.154 | WARNING  | log:debbugwarning:34 - porte ouvert et speaker on
